<?xml version="1.0" encoding="UTF-8"?>
<!-- Generated by org.testng.reporters.JUnitReportReporter -->
<testsuite hostname="DESKTOP-6U5DIVL" failures="0" tests="1" name="testCases.TC_001_AccountRegistrationTest" time="6.801" errors="0" timestamp="2024-02-25T18:32:33 IST" skipped="0">
  <testcase classname="testCases.TC_001_AccountRegistrationTest" name="verify_account_registration" time="6.801"/>
</testsuite> <!-- testCases.TC_001_AccountRegistrationTest -->
