<?xml version="1.0" encoding="UTF-8"?>
<!-- Generated by org.testng.reporters.JUnitReportReporter -->
<testsuite hostname="DESKTOP-6U5DIVL" failures="0" tests="1" name="testCases.TC_002_LoginTest" time="3.093" errors="0" timestamp="2024-02-25T18:32:33 IST" skipped="0">
  <testcase classname="testCases.TC_002_LoginTest" name="verify_login" time="3.093"/>
</testsuite> <!-- testCases.TC_002_LoginTest -->
