<?xml version="1.0" encoding="UTF-8"?>
<!-- Generated by org.testng.reporters.JUnitReportReporter -->
<testsuite hostname="DESKTOP-6U5DIVL" failures="0" tests="1" name="testCases.TC_002_LoginTest" time="2.862" errors="0" timestamp="2024-02-25T00:39:38 IST" skipped="0">
  <testcase classname="testCases.TC_002_LoginTest" name="verify_login" time="2.862"/>
</testsuite> <!-- testCases.TC_002_LoginTest -->
